<?xml version="1.0" encoding="UTF-8"?>
<!-- Generated by org.testng.reporters.JUnitXMLReporter -->
<testsuite hostname="RMM-LT-654" name="NOC-Test" tests="1" failures="0" timestamp="20 Oct 2016 10:32:44 GMT" time="49.141" errors="0">
  <testcase name="@BeforeTest beforeTest" time="0.0" classname="continuum.cucumber.testRunner.TestRunner">
    <failure type="java.lang.NullPointerException">
      <![CDATA[java.lang.NullPointerException
	at continuum.cucumber.WebDriverInitialization.createInstance(WebDriverInitialization.java:85)
	at continuum.cucumber.testRunner.TestRunner.beforeTest(TestRunner.java:60)
... Removed 25 stack frames]]>
    </failure>
  </testcase> <!-- @BeforeTest beforeTest -->
  <testcase name="@AfterTest afterTest" time="0.0" classname="continuum.cucumber.testRunner.TestRunner">
    <failure type="java.lang.NullPointerException">
      <![CDATA[java.lang.NullPointerException
	at continuum.cucumber.testRunner.TestRunner.afterTest(TestRunner.java:85)
... Removed 25 stack frames]]>
    </failure>
  </testcase> <!-- @AfterTest afterTest -->
  <testcase name="feature" time="0.0" classname="continuum.cucumber.testRunner.TestRunner">
    <skipped/>
  </testcase> <!-- feature -->
</testsuite> <!-- NOC-Test -->
