<?xml version="1.0" encoding="UTF-8"?>
<testng-results skipped="0" failed="0" total="1" passed="1">
  <reporter-output>
    <line>
      <![CDATA[Opening application with urlhttps://noc.dtitsupport247.net]]>
    </line>
    <line>
      <![CDATA[Log in to NOC application]]>
    </line>
    <line>
      <![CDATA[Enter login credentials  to ITS portal]]>
    </line>
    <line>
      <![CDATA[Writing user_sdmto Login email id textbox]]>
    </line>
    <line>
      <![CDATA[Writing Sdm@1234to Login password text box]]>
    </line>
    <line>
      <![CDATA[Clicking on  Login button]]>
    </line>
    <line>
      <![CDATA[Clicking on  Close btn on popup]]>
    </line>
    <line>
      <![CDATA[Close btn on popup exists true]]>
    </line>
    <line>
      <![CDATA[Mouse hovering over management Tab]]>
    </line>
    <line>
      <![CDATA[Mouse hovering over Tickets]]>
    </line>
    <line>
      <![CDATA[Clicking on  Generate New ticket btn]]>
    </line>
    <line>
      <![CDATA[Getting window handle]]>
    </line>
    <line>
      <![CDATA[Switching to new window]]>
    </line>
    <line>
      <![CDATA[Getting window handle]]>
    </line>
    <line>
      <![CDATA[Select value from MSP CMSPL32 sucessfully]]>
    </line>
    <line>
      <![CDATA[Writing Automation test ticketto  subject text box]]>
    </line>
    <line>
      <![CDATA[Enter Value in  subject text box text field Automation test ticket Pass Value Automation test ticket entered successfully]]>
    </line>
    <line>
      <![CDATA[Writing Description:automation test ticketto  description text box]]>
    </line>
    <line>
      <![CDATA[Enter Value in  description text box text field Description:automation test ticket Pass Value Description:automation test ticket entered successfully]]>
    </line>
    <line>
      <![CDATA[Writing 99to  priority]]>
    </line>
    <line>
      <![CDATA[Enter Value in  priority text field 99 Pass Value 99 entered successfully]]>
    </line>
    <line>
      <![CDATA[Select value from  Family dropdown Antivirus sucessfully]]>
    </line>
    <line>
      <![CDATA[Select value from  Ticket type dropdown Critical task need to be carried out.Require approval from CMSPL32 team Selected  Successfully]]>
    </line>
    <line>
      <![CDATA[Get Selected List value from  sub status dropdown Selected value is New]]>
    </line>
    <line>
      <![CDATA[<B><I><font size='4' color='Blue'>Select value from  sub status dropdown New Fail  Found Exception while selecting value Cannot locate option with value: New
For documentation on this error, please visit: http://seleniumhq.org/exceptions/no_such_element.html
Build info: version: '2.53.0', revision: '35ae25b1534ae328c771e0856c93e187490ca824', time: '2016-03-15 10:43:46'
System info: host: 'RMM-LT-654', ip: '10.2.14.173', os.name: 'Windows 7', os.arch: 'amd64', os.version: '6.1', java.version: '1.8.0_101'
Driver info: driver.version: unknown</font></I></B>]]>
    </line>
    <line>
      <![CDATA[Select value from  sub statsu dropdown Resolved: Solution Verified Selected  Successfully]]>
    </line>
    <line>
      <![CDATA[<B><I><font size='4' color='Blue'>Select value from  Resource dropdown <Resource> Fail  Found Exception while selecting value Cannot locate option with value: <Resource>
For documentation on this error, please visit: http://seleniumhq.org/exceptions/no_such_element.html
Build info: version: '2.53.0', revision: '35ae25b1534ae328c771e0856c93e187490ca824', time: '2016-03-15 10:43:46'
System info: host: 'RMM-LT-654', ip: '10.2.14.173', os.name: 'Windows 7', os.arch: 'amd64', os.version: '6.1', java.version: '1.8.0_101'
Driver info: driver.version: unknown</font></I></B>]]>
    </line>
    <line>
      <![CDATA[Clicking on   submit btn]]>
    </line>
    <line>
      <![CDATA[Get ticket no from popup]]>
    </line>
    <line>
      <![CDATA[Getting alert message]]>
    </line>
    <line>
      <![CDATA[Waiting to alert]]>
    </line>
    <line>
      <![CDATA[Accepting alert]]>
    </line>
    <line>
      <![CDATA[Waiting to alert]]>
    </line>
    <line>
      <![CDATA[Generated Ticket no201610200000204]]>
    </line>
    <line>
      <![CDATA[Verify ticket created in database]]>
    </line>
    <line>
      <![CDATA[Verify Ticket  generated in DB]]>
    </line>
    <line>
      <![CDATA[SQL server connection: jdbc:sqlserver://10.2.40.76:1433;databaseName=NOCBO ;user=QA Automation;password=aUt0T3$t#958]]>
    </line>
    <line>
      <![CDATA[SQL query to execute: Select status,Assignto,assigntocell,Assigntogroup,Assigntouser,* from jmgttaskmanagement with(NOLOCK) where taskid in 201610200000204]]>
    </line>
    <line>
      <![CDATA[Ticket details from DB :null]]>
    </line>
    <line>
      <![CDATA[*****  feature test has Passed *****]]>
    </line>
  </reporter-output>
  <suite name="BDTSuite" duration-ms="185146" started-at="2016-10-20T13:46:06Z" finished-at="2016-10-20T13:49:11Z">
    <groups>
      <group name="cucumber">
        <method signature="TestRunner.feature(cucumber.api.testng.CucumberFeatureWrapper)[pri:0, instance:continuum.cucumber.testRunner.TestRunner@2d8f65a4]" name="feature" class="continuum.cucumber.testRunner.TestRunner"/>
      </group> <!-- cucumber -->
    </groups>
    <test name="NOC-Test" duration-ms="185146" started-at="2016-10-20T13:46:06Z" finished-at="2016-10-20T13:49:11Z">
      <class name="continuum.cucumber.testRunner.TestRunner">
        <test-method status="PASS" signature="beforeTest()[pri:0, instance:continuum.cucumber.testRunner.TestRunner@2d8f65a4]" name="beforeTest" is-config="true" duration-ms="3414" started-at="2016-10-20T19:16:07Z" finished-at="2016-10-20T19:16:11Z">
          <reporter-output>
          </reporter-output>
        </test-method> <!-- beforeTest -->
        <test-method status="PASS" signature="setUpClass()[pri:0, instance:continuum.cucumber.testRunner.TestRunner@2d8f65a4]" name="setUpClass" is-config="true" duration-ms="215" started-at="2016-10-20T19:16:11Z" finished-at="2016-10-20T19:16:11Z">
          <reporter-output>
          </reporter-output>
        </test-method> <!-- setUpClass -->
        <test-method status="PASS" signature="feature(cucumber.api.testng.CucumberFeatureWrapper)[pri:0, instance:continuum.cucumber.testRunner.TestRunner@2d8f65a4]" name="feature" duration-ms="154255" started-at="2016-10-20T19:16:11Z" description="Runs Cucumber Feature" data-provider="features" finished-at="2016-10-20T19:18:45Z">
          <params>
            <param index="0">
              <value>
                <![CDATA[As a user status I want to create ticket on NOC with different status]]>
              </value>
            </param>
          </params>
          <reporter-output>
            <line>
              <![CDATA[Opening application with urlhttps://noc.dtitsupport247.net]]>
            </line>
            <line>
              <![CDATA[Log in to NOC application]]>
            </line>
            <line>
              <![CDATA[Enter login credentials  to ITS portal]]>
            </line>
            <line>
              <![CDATA[Writing user_sdmto Login email id textbox]]>
            </line>
            <line>
              <![CDATA[Writing Sdm@1234to Login password text box]]>
            </line>
            <line>
              <![CDATA[Clicking on  Login button]]>
            </line>
            <line>
              <![CDATA[Clicking on  Close btn on popup]]>
            </line>
            <line>
              <![CDATA[Close btn on popup exists true]]>
            </line>
            <line>
              <![CDATA[Mouse hovering over management Tab]]>
            </line>
            <line>
              <![CDATA[Mouse hovering over Tickets]]>
            </line>
            <line>
              <![CDATA[Clicking on  Generate New ticket btn]]>
            </line>
            <line>
              <![CDATA[Getting window handle]]>
            </line>
            <line>
              <![CDATA[Switching to new window]]>
            </line>
            <line>
              <![CDATA[Getting window handle]]>
            </line>
            <line>
              <![CDATA[Select value from MSP CMSPL32 sucessfully]]>
            </line>
            <line>
              <![CDATA[Writing Automation test ticketto  subject text box]]>
            </line>
            <line>
              <![CDATA[Enter Value in  subject text box text field Automation test ticket Pass Value Automation test ticket entered successfully]]>
            </line>
            <line>
              <![CDATA[Writing Description:automation test ticketto  description text box]]>
            </line>
            <line>
              <![CDATA[Enter Value in  description text box text field Description:automation test ticket Pass Value Description:automation test ticket entered successfully]]>
            </line>
            <line>
              <![CDATA[Writing 99to  priority]]>
            </line>
            <line>
              <![CDATA[Enter Value in  priority text field 99 Pass Value 99 entered successfully]]>
            </line>
            <line>
              <![CDATA[Select value from  Family dropdown Antivirus sucessfully]]>
            </line>
            <line>
              <![CDATA[Select value from  Ticket type dropdown Critical task need to be carried out.Require approval from CMSPL32 team Selected  Successfully]]>
            </line>
            <line>
              <![CDATA[Get Selected List value from  sub status dropdown Selected value is New]]>
            </line>
            <line>
              <![CDATA[<B><I><font size='4' color='Blue'>Select value from  sub status dropdown New Fail  Found Exception while selecting value Cannot locate option with value: New
For documentation on this error, please visit: http://seleniumhq.org/exceptions/no_such_element.html
Build info: version: '2.53.0', revision: '35ae25b1534ae328c771e0856c93e187490ca824', time: '2016-03-15 10:43:46'
System info: host: 'RMM-LT-654', ip: '10.2.14.173', os.name: 'Windows 7', os.arch: 'amd64', os.version: '6.1', java.version: '1.8.0_101'
Driver info: driver.version: unknown</font></I></B>]]>
            </line>
            <line>
              <![CDATA[Select value from  sub statsu dropdown Resolved: Solution Verified Selected  Successfully]]>
            </line>
            <line>
              <![CDATA[<B><I><font size='4' color='Blue'>Select value from  Resource dropdown <Resource> Fail  Found Exception while selecting value Cannot locate option with value: <Resource>
For documentation on this error, please visit: http://seleniumhq.org/exceptions/no_such_element.html
Build info: version: '2.53.0', revision: '35ae25b1534ae328c771e0856c93e187490ca824', time: '2016-03-15 10:43:46'
System info: host: 'RMM-LT-654', ip: '10.2.14.173', os.name: 'Windows 7', os.arch: 'amd64', os.version: '6.1', java.version: '1.8.0_101'
Driver info: driver.version: unknown</font></I></B>]]>
            </line>
            <line>
              <![CDATA[Clicking on   submit btn]]>
            </line>
            <line>
              <![CDATA[Get ticket no from popup]]>
            </line>
            <line>
              <![CDATA[Getting alert message]]>
            </line>
            <line>
              <![CDATA[Waiting to alert]]>
            </line>
            <line>
              <![CDATA[Accepting alert]]>
            </line>
            <line>
              <![CDATA[Waiting to alert]]>
            </line>
            <line>
              <![CDATA[Generated Ticket no201610200000204]]>
            </line>
            <line>
              <![CDATA[Verify ticket created in database]]>
            </line>
            <line>
              <![CDATA[Verify Ticket  generated in DB]]>
            </line>
            <line>
              <![CDATA[SQL server connection: jdbc:sqlserver://10.2.40.76:1433;databaseName=NOCBO ;user=QA Automation;password=aUt0T3$t#958]]>
            </line>
            <line>
              <![CDATA[SQL query to execute: Select status,Assignto,assigntocell,Assigntogroup,Assigntouser,* from jmgttaskmanagement with(NOLOCK) where taskid in 201610200000204]]>
            </line>
            <line>
              <![CDATA[Ticket details from DB :null]]>
            </line>
            <line>
              <![CDATA[*****  feature test has Passed *****]]>
            </line>
          </reporter-output>
        </test-method> <!-- feature -->
        <test-method status="PASS" signature="tearDownClass()[pri:0, instance:continuum.cucumber.testRunner.TestRunner@2d8f65a4]" name="tearDownClass" is-config="true" duration-ms="25131" started-at="2016-10-20T19:18:45Z" finished-at="2016-10-20T19:19:10Z">
          <reporter-output>
          </reporter-output>
        </test-method> <!-- tearDownClass -->
        <test-method status="PASS" signature="afterTest()[pri:0, instance:continuum.cucumber.testRunner.TestRunner@2d8f65a4]" name="afterTest" is-config="true" duration-ms="743" started-at="2016-10-20T19:19:10Z" finished-at="2016-10-20T19:19:11Z">
          <reporter-output>
          </reporter-output>
        </test-method> <!-- afterTest -->
      </class> <!-- continuum.cucumber.testRunner.TestRunner -->
    </test> <!-- NOC-Test -->
  </suite> <!-- BDTSuite -->
</testng-results>
