<?xml version="1.0" encoding="UTF-8"?>
<testng-results skipped="0" failed="0" total="1" passed="1">
  <reporter-output>
    <line>
      <![CDATA[Opening application with urlhttps://noc.dtitsupport247.net]]>
    </line>
    <line>
      <![CDATA[Log in to NOC application]]>
    </line>
    <line>
      <![CDATA[Enter login credentials  to ITS portal]]>
    </line>
    <line>
      <![CDATA[Writing user_sdmto Login email id textbox]]>
    </line>
    <line>
      <![CDATA[Writing Sdm@1234to Login password text box]]>
    </line>
    <line>
      <![CDATA[Clicking on  Login button]]>
    </line>
    <line>
      <![CDATA[Clicking on  Close btn on popup]]>
    </line>
    <line>
      <![CDATA[Close btn on popup exists true]]>
    </line>
    <line>
      <![CDATA[Mouse hovering over QuickReports]]>
    </line>
    <line>
      <![CDATA[Clicking on  SLAMissedHourlyFlowReport]]>
    </line>
    <line>
      <![CDATA[Switching to new window]]>
    </line>
    <line>
      <![CDATA[Fromdate exists true]]>
    </line>
    <line>
      <![CDATA[SLAMissedHourlyFlowReport exists true]]>
    </line>
    <line>
      <![CDATA[Todate exists true]]>
    </line>
    <line>
      <![CDATA[SLAMissedHourlyFlowReport exists true]]>
    </line>
    <line>
      <![CDATA[Teams exists true]]>
    </line>
    <line>
      <![CDATA[Family exists true]]>
    </line>
    <line>
      <![CDATA[EscalationCategory exists true]]>
    </line>
    <line>
      <![CDATA[ReportFor exists true]]>
    </line>
    <line>
      <![CDATA[TimeDurationGreaterThan exists true]]>
    </line>
    <line>
      <![CDATA[TimeDurationMinutes exists true]]>
    </line>
    <line>
      <![CDATA[TimeZone exists true]]>
    </line>
    <line>
      <![CDATA[MSP exists true]]>
    </line>
    <line>
      <![CDATA[SubmitButton exists true]]>
    </line>
    <line>
      <![CDATA[Fromdate exists true]]>
    </line>
    <line>
      <![CDATA[SLAMissedHourlyFlowReport exists true]]>
    </line>
    <line>
      <![CDATA[Todate exists true]]>
    </line>
    <line>
      <![CDATA[SLAMissedHourlyFlowReport exists true]]>
    </line>
    <line>
      <![CDATA[Teams exists true]]>
    </line>
    <line>
      <![CDATA[Family exists true]]>
    </line>
    <line>
      <![CDATA[EscalationCategory exists true]]>
    </line>
    <line>
      <![CDATA[ReportFor exists true]]>
    </line>
    <line>
      <![CDATA[TimeDurationGreaterThan exists true]]>
    </line>
    <line>
      <![CDATA[TimeDurationMinutes exists true]]>
    </line>
    <line>
      <![CDATA[TimeZone exists true]]>
    </line>
    <line>
      <![CDATA[MSP exists true]]>
    </line>
    <line>
      <![CDATA[SubmitButton exists true]]>
    </line>
    <line>
      <![CDATA[Not able to read data from Excelsheet at  F:\NOC Automation\NOCAutomation-master\NOCAutomation-master\src\test\resources\Data\SLAData]]>
    </line>
    <line>
      <![CDATA[Writing nullto SLAMissedHourlyFlowReport]]>
    </line>
    <line>
      <![CDATA[Clicking on  SubmitButton]]>
    </line>
    <line>
      <![CDATA[*****  feature test has Passed *****]]>
    </line>
  </reporter-output>
  <suite name="BDTSuite" duration-ms="72291" started-at="2016-11-01T07:43:03Z" finished-at="2016-11-01T07:44:15Z">
    <groups>
      <group name="cucumber">
        <method signature="TestRunner.feature(cucumber.api.testng.CucumberFeatureWrapper)[pri:0, instance:continuum.cucumber.testRunner.TestRunner@2d8f65a4]" name="feature" class="continuum.cucumber.testRunner.TestRunner"/>
      </group> <!-- cucumber -->
    </groups>
    <test name="NOC-Test" duration-ms="72291" started-at="2016-11-01T07:43:03Z" finished-at="2016-11-01T07:44:15Z">
      <class name="continuum.cucumber.testRunner.TestRunner">
        <test-method status="PASS" signature="beforeTest()[pri:0, instance:continuum.cucumber.testRunner.TestRunner@2d8f65a4]" name="beforeTest" is-config="true" duration-ms="2593" started-at="2016-11-01T13:13:04Z" finished-at="2016-11-01T13:13:07Z">
          <reporter-output>
          </reporter-output>
        </test-method> <!-- beforeTest -->
        <test-method status="PASS" signature="setUpClass()[pri:0, instance:continuum.cucumber.testRunner.TestRunner@2d8f65a4]" name="setUpClass" is-config="true" duration-ms="132" started-at="2016-11-01T13:13:07Z" finished-at="2016-11-01T13:13:07Z">
          <reporter-output>
          </reporter-output>
        </test-method> <!-- setUpClass -->
        <test-method status="PASS" signature="feature(cucumber.api.testng.CucumberFeatureWrapper)[pri:0, instance:continuum.cucumber.testRunner.TestRunner@2d8f65a4]" name="feature" duration-ms="63896" started-at="2016-11-01T13:13:07Z" description="Runs Cucumber Feature" data-provider="features" finished-at="2016-11-01T13:14:11Z">
          <params>
            <param index="0">
              <value>
                <![CDATA[As a user I want to Test SLA Missed & Hourly flow report]]>
              </value>
            </param>
          </params>
          <reporter-output>
            <line>
              <![CDATA[Opening application with urlhttps://noc.dtitsupport247.net]]>
            </line>
            <line>
              <![CDATA[Log in to NOC application]]>
            </line>
            <line>
              <![CDATA[Enter login credentials  to ITS portal]]>
            </line>
            <line>
              <![CDATA[Writing user_sdmto Login email id textbox]]>
            </line>
            <line>
              <![CDATA[Writing Sdm@1234to Login password text box]]>
            </line>
            <line>
              <![CDATA[Clicking on  Login button]]>
            </line>
            <line>
              <![CDATA[Clicking on  Close btn on popup]]>
            </line>
            <line>
              <![CDATA[Close btn on popup exists true]]>
            </line>
            <line>
              <![CDATA[Mouse hovering over QuickReports]]>
            </line>
            <line>
              <![CDATA[Clicking on  SLAMissedHourlyFlowReport]]>
            </line>
            <line>
              <![CDATA[Switching to new window]]>
            </line>
            <line>
              <![CDATA[Fromdate exists true]]>
            </line>
            <line>
              <![CDATA[SLAMissedHourlyFlowReport exists true]]>
            </line>
            <line>
              <![CDATA[Todate exists true]]>
            </line>
            <line>
              <![CDATA[SLAMissedHourlyFlowReport exists true]]>
            </line>
            <line>
              <![CDATA[Teams exists true]]>
            </line>
            <line>
              <![CDATA[Family exists true]]>
            </line>
            <line>
              <![CDATA[EscalationCategory exists true]]>
            </line>
            <line>
              <![CDATA[ReportFor exists true]]>
            </line>
            <line>
              <![CDATA[TimeDurationGreaterThan exists true]]>
            </line>
            <line>
              <![CDATA[TimeDurationMinutes exists true]]>
            </line>
            <line>
              <![CDATA[TimeZone exists true]]>
            </line>
            <line>
              <![CDATA[MSP exists true]]>
            </line>
            <line>
              <![CDATA[SubmitButton exists true]]>
            </line>
            <line>
              <![CDATA[Fromdate exists true]]>
            </line>
            <line>
              <![CDATA[SLAMissedHourlyFlowReport exists true]]>
            </line>
            <line>
              <![CDATA[Todate exists true]]>
            </line>
            <line>
              <![CDATA[SLAMissedHourlyFlowReport exists true]]>
            </line>
            <line>
              <![CDATA[Teams exists true]]>
            </line>
            <line>
              <![CDATA[Family exists true]]>
            </line>
            <line>
              <![CDATA[EscalationCategory exists true]]>
            </line>
            <line>
              <![CDATA[ReportFor exists true]]>
            </line>
            <line>
              <![CDATA[TimeDurationGreaterThan exists true]]>
            </line>
            <line>
              <![CDATA[TimeDurationMinutes exists true]]>
            </line>
            <line>
              <![CDATA[TimeZone exists true]]>
            </line>
            <line>
              <![CDATA[MSP exists true]]>
            </line>
            <line>
              <![CDATA[SubmitButton exists true]]>
            </line>
            <line>
              <![CDATA[Not able to read data from Excelsheet at  F:\NOC Automation\NOCAutomation-master\NOCAutomation-master\src\test\resources\Data\SLAData]]>
            </line>
            <line>
              <![CDATA[Writing nullto SLAMissedHourlyFlowReport]]>
            </line>
            <line>
              <![CDATA[Clicking on  SubmitButton]]>
            </line>
            <line>
              <![CDATA[*****  feature test has Passed *****]]>
            </line>
          </reporter-output>
        </test-method> <!-- feature -->
        <test-method status="PASS" signature="tearDownClass()[pri:0, instance:continuum.cucumber.testRunner.TestRunner@2d8f65a4]" name="tearDownClass" is-config="true" duration-ms="3651" started-at="2016-11-01T13:14:11Z" finished-at="2016-11-01T13:14:15Z">
          <reporter-output>
          </reporter-output>
        </test-method> <!-- tearDownClass -->
        <test-method status="PASS" signature="afterTest()[pri:0, instance:continuum.cucumber.testRunner.TestRunner@2d8f65a4]" name="afterTest" is-config="true" duration-ms="683" started-at="2016-11-01T13:14:15Z" finished-at="2016-11-01T13:14:15Z">
          <reporter-output>
          </reporter-output>
        </test-method> <!-- afterTest -->
      </class> <!-- continuum.cucumber.testRunner.TestRunner -->
    </test> <!-- NOC-Test -->
  </suite> <!-- BDTSuite -->
</testng-results>
